[0.032s] Invoking command in '/all_sensors_launch/build/all_sensors_launch': /usr/bin/cmake /all_sensors_launch -DCMAKE_INSTALL_PREFIX=/all_sensors_launch/install/all_sensors_launch
[0.303s] -- The C compiler identification is GNU 11.4.0
[0.543s] -- The CXX compiler identification is GNU 11.4.0
[0.573s] -- Detecting C compiler ABI info
[0.858s] -- Detecting C compiler ABI info - done
[0.896s] -- Check for working C compiler: /usr/bin/cc - skipped
[0.897s] -- Detecting C compile features
[0.899s] -- Detecting C compile features - done
[0.913s] -- Detecting CXX compiler ABI info
[1.241s] -- Detecting CXX compiler ABI info - done
[1.278s] -- Check for working CXX compiler: /usr/bin/c++ - skipped
[1.279s] -- Detecting CXX compile features
[1.281s] -- Detecting CXX compile features - done
[1.310s] [31mCMake Error at CMakeLists.txt:9 (find_package):
[1.311s]   By not providing "Findament_cmake.cmake" in CMAKE_MODULE_PATH this project
[1.311s]   has asked CMake to find a package configuration file provided by
[1.311s]   "ament_cmake", but CMake did not find one.
[1.312s] 
[1.312s]   Could not find a package configuration file provided by "ament_cmake" with
[1.312s]   any of the following names:
[1.313s] 
[1.313s]     ament_cmakeConfig.cmake
[1.313s]     ament_cmake-config.cmake
[1.314s] 
[1.314s]   Add the installation prefix of "ament_cmake" to CMAKE_PREFIX_PATH or set
[1.314s]   "ament_cmake_DIR" to a directory containing one of the above files.  If
[1.315s]   "ament_cmake" provides a separate development package or SDK, be sure it
[1.315s]   has been installed.
[1.315s] 
[1.315s] [0m
[1.316s] -- Configuring incomplete, errors occurred!
[1.316s] See also "/all_sensors_launch/build/all_sensors_launch/CMakeFiles/CMakeOutput.log".
[1.328s] Invoked command in '/all_sensors_launch/build/all_sensors_launch' returned '1': /usr/bin/cmake /all_sensors_launch -DCMAKE_INSTALL_PREFIX=/all_sensors_launch/install/all_sensors_launch
