[0.491s] DEBUG:colcon:Command line arguments: ['/usr/bin/colcon', 'build', '--packages-select', 'all_sensors_launch']
[0.491s] DEBUG:colcon:Parsed command line arguments: Namespace(log_base=None, log_level=None, verb_name='build', build_base='build', install_base='install', merge_install=False, symlink_install=False, test_result_base=None, continue_on_error=False, executor='parallel', parallel_workers=4, event_handlers=None, ignore_user_meta=False, metas=['./colcon.meta'], base_paths=['.'], packages_ignore=None, packages_ignore_regex=None, paths=None, packages_up_to=None, packages_up_to_regex=None, packages_above=None, packages_above_and_dependencies=None, packages_above_depth=None, packages_select_by_dep=None, packages_skip_by_dep=None, packages_skip_up_to=None, packages_select_build_failed=False, packages_skip_build_finished=False, packages_select_test_failures=False, packages_skip_test_passed=False, packages_select=['all_sensors_launch'], packages_skip=None, packages_select_regex=None, packages_skip_regex=None, packages_start=None, packages_end=None, cmake_args=None, cmake_target=None, cmake_target_skip_unavailable=False, cmake_clean_cache=False, cmake_clean_first=False, cmake_force_configure=False, ament_cmake_args=None, catkin_cmake_args=None, catkin_skip_building_tests=False, mixin_files=None, mixin=None, verb_parser=<colcon_mixin.mixin.mixin_argument.MixinArgumentDecorator object at 0xffffae0477f0>, verb_extension=<colcon_core.verb.build.BuildVerb object at 0xffffae046d70>, main=<bound method BuildVerb.main of <colcon_core.verb.build.BuildVerb object at 0xffffae046d70>>, mixin_verb=('build',))
[0.933s] Level 1:colcon.colcon_core.package_discovery:discover_packages(colcon_meta) check parameters
[0.936s] INFO:colcon.colcon_metadata.package_discovery.colcon_meta:Using configuration from '/root/.colcon/metadata/default/Gazebo.meta'
[0.939s] INFO:colcon.colcon_metadata.package_discovery.colcon_meta:Using configuration from '/root/.colcon/metadata/default/fastrtps.meta'
[0.939s] Level 1:colcon.colcon_core.package_discovery:discover_packages(recursive) check parameters
[0.939s] Level 1:colcon.colcon_core.package_discovery:discover_packages(ignore) check parameters
[0.939s] Level 1:colcon.colcon_core.package_discovery:discover_packages(path) check parameters
[0.939s] Level 1:colcon.colcon_core.package_discovery:discover_packages(colcon_meta) discover
[0.940s] Level 1:colcon.colcon_core.package_discovery:discover_packages(recursive) discover
[0.940s] INFO:colcon.colcon_core.package_discovery:Crawling recursively for packages in '/all_sensors_launch'
[0.940s] Level 1:colcon.colcon_core.package_identification:_identify(.) by extensions ['ignore', 'ignore_ament_install']
[0.941s] Level 1:colcon.colcon_core.package_identification:_identify(.) by extension 'ignore'
[0.941s] Level 1:colcon.colcon_core.package_identification:_identify(.) by extension 'ignore_ament_install'
[0.942s] Level 1:colcon.colcon_core.package_identification:_identify(.) by extensions ['colcon_pkg']
[0.942s] Level 1:colcon.colcon_core.package_identification:_identify(.) by extension 'colcon_pkg'
[0.942s] Level 1:colcon.colcon_core.package_identification:_identify(.) by extensions ['colcon_meta']
[0.942s] Level 1:colcon.colcon_core.package_identification:_identify(.) by extension 'colcon_meta'
[0.943s] Level 1:colcon.colcon_core.package_identification:_identify(.) by extensions ['ros']
[0.943s] Level 1:colcon.colcon_core.package_identification:_identify(.) by extension 'ros'
[1.007s] DEBUG:colcon.colcon_core.package_identification:Package '.' with type 'ros.ament_cmake' and name 'all_sensors_launch'
[1.008s] Level 1:colcon.colcon_core.package_discovery:discover_packages(recursive) using defaults
[1.008s] Level 1:colcon.colcon_core.package_discovery:discover_packages(ignore) discover
[1.008s] Level 1:colcon.colcon_core.package_discovery:discover_packages(ignore) using defaults
[1.008s] Level 1:colcon.colcon_core.package_discovery:discover_packages(path) discover
[1.008s] Level 1:colcon.colcon_core.package_discovery:discover_packages(path) using defaults
[1.085s] Level 5:colcon.colcon_core.verb:set package 'all_sensors_launch' build argument 'cmake_args' from command line to 'None'
[1.085s] Level 5:colcon.colcon_core.verb:set package 'all_sensors_launch' build argument 'cmake_target' from command line to 'None'
[1.085s] Level 5:colcon.colcon_core.verb:set package 'all_sensors_launch' build argument 'cmake_target_skip_unavailable' from command line to 'False'
[1.086s] Level 5:colcon.colcon_core.verb:set package 'all_sensors_launch' build argument 'cmake_clean_cache' from command line to 'False'
[1.086s] Level 5:colcon.colcon_core.verb:set package 'all_sensors_launch' build argument 'cmake_clean_first' from command line to 'False'
[1.086s] Level 5:colcon.colcon_core.verb:set package 'all_sensors_launch' build argument 'cmake_force_configure' from command line to 'False'
[1.086s] Level 5:colcon.colcon_core.verb:set package 'all_sensors_launch' build argument 'ament_cmake_args' from command line to 'None'
[1.086s] Level 5:colcon.colcon_core.verb:set package 'all_sensors_launch' build argument 'catkin_cmake_args' from command line to 'None'
[1.086s] Level 5:colcon.colcon_core.verb:set package 'all_sensors_launch' build argument 'catkin_skip_building_tests' from command line to 'False'
[1.086s] DEBUG:colcon.colcon_core.verb:Building package 'all_sensors_launch' with the following arguments: {'ament_cmake_args': None, 'build_base': '/all_sensors_launch/build/all_sensors_launch', 'catkin_cmake_args': None, 'catkin_skip_building_tests': False, 'cmake_args': None, 'cmake_clean_cache': False, 'cmake_clean_first': False, 'cmake_force_configure': False, 'cmake_target': None, 'cmake_target_skip_unavailable': False, 'install_base': '/all_sensors_launch/install/all_sensors_launch', 'merge_install': False, 'path': '/all_sensors_launch', 'symlink_install': False, 'test_result_base': None}
[1.087s] INFO:colcon.colcon_core.executor:Executing jobs using 'parallel' executor
[1.091s] DEBUG:colcon.colcon_parallel_executor.executor.parallel:run_until_complete
[1.093s] INFO:colcon.colcon_ros.task.ament_cmake.build:Building ROS package in '/all_sensors_launch' with build type 'ament_cmake'
[1.094s] INFO:colcon.colcon_cmake.task.cmake.build:Building CMake package in '/all_sensors_launch'
[1.104s] INFO:colcon.colcon_core.plugin_system:Skipping extension 'colcon_core.shell.bat': Not used on non-Windows systems
[1.104s] INFO:colcon.colcon_core.shell:Skip shell extension 'powershell' for command environment: Not usable outside of PowerShell
[1.105s] DEBUG:colcon.colcon_core.shell:Skip shell extension 'dsv' for command environment
[1.127s] DEBUG:colcon.colcon_core.event_handler.log_command:Invoking command in '/all_sensors_launch/build/all_sensors_launch': /usr/bin/cmake /all_sensors_launch -DCMAKE_INSTALL_PREFIX=/all_sensors_launch/install/all_sensors_launch
[2.423s] DEBUG:colcon.colcon_core.event_handler.log_command:Invoked command in '/all_sensors_launch/build/all_sensors_launch' returned '1': /usr/bin/cmake /all_sensors_launch -DCMAKE_INSTALL_PREFIX=/all_sensors_launch/install/all_sensors_launch
[2.469s] Level 1:colcon.colcon_core.environment:create_environment_scripts_only(all_sensors_launch)
[2.490s] Level 1:colcon.colcon_core.environment:checking '/all_sensors_launch/install/all_sensors_launch' for CMake module files
[2.491s] Level 1:colcon.colcon_core.environment:checking '/all_sensors_launch/install/all_sensors_launch' for CMake config files
[2.493s] Level 1:colcon.colcon_core.environment:checking '/all_sensors_launch/install/all_sensors_launch/bin'
[2.493s] Level 1:colcon.colcon_core.environment:checking '/all_sensors_launch/install/all_sensors_launch/lib/pkgconfig/all_sensors_launch.pc'
[2.498s] Level 1:colcon.colcon_core.environment:checking '/all_sensors_launch/install/all_sensors_launch/lib/python3.10/site-packages'
[2.499s] Level 1:colcon.colcon_core.environment:checking '/all_sensors_launch/install/all_sensors_launch/bin'
[2.500s] INFO:colcon.colcon_core.shell:Creating package script '/all_sensors_launch/install/all_sensors_launch/share/all_sensors_launch/package.ps1'
[2.506s] INFO:colcon.colcon_core.shell:Creating package descriptor '/all_sensors_launch/install/all_sensors_launch/share/all_sensors_launch/package.dsv'
[2.512s] INFO:colcon.colcon_core.shell:Creating package script '/all_sensors_launch/install/all_sensors_launch/share/all_sensors_launch/package.sh'
[2.515s] INFO:colcon.colcon_core.shell:Creating package script '/all_sensors_launch/install/all_sensors_launch/share/all_sensors_launch/package.bash'
[2.518s] INFO:colcon.colcon_core.shell:Creating package script '/all_sensors_launch/install/all_sensors_launch/share/all_sensors_launch/package.zsh'
[2.520s] Level 1:colcon.colcon_core.environment:create_file_with_runtime_dependencies(/all_sensors_launch/install/all_sensors_launch/share/colcon-core/packages/all_sensors_launch)
[2.532s] DEBUG:colcon.colcon_parallel_executor.executor.parallel:closing loop
[2.533s] DEBUG:colcon.colcon_parallel_executor.executor.parallel:loop closed
[2.534s] DEBUG:colcon.colcon_parallel_executor.executor.parallel:run_until_complete finished with '1'
[2.534s] DEBUG:colcon.colcon_core.event_reactor:joining thread
[2.560s] INFO:colcon.colcon_core.plugin_system:Skipping extension 'colcon_notification.desktop_notification.notify_send': Could not find 'notify-send'
[2.561s] INFO:colcon.colcon_core.plugin_system:Skipping extension 'colcon_notification.desktop_notification.terminal_notifier': Not used on non-Darwin systems
[2.561s] INFO:colcon.colcon_core.plugin_system:Skipping extension 'colcon_notification.desktop_notification.win32': Not used on non-Windows systems
[2.561s] INFO:colcon.colcon_notification.desktop_notification:Sending desktop notification using 'notify2'
[2.620s] DEBUG:colcon.colcon_notification.desktop_notification.notify2:Failed to initialize notify2: org.freedesktop.DBus.Error.Spawn.ExecFailed: /usr/bin/dbus-launch terminated abnormally without any error message
[2.623s] DEBUG:colcon.colcon_core.event_reactor:joined thread
[2.627s] INFO:colcon.colcon_core.shell:Creating prefix script '/all_sensors_launch/install/local_setup.ps1'
[2.636s] INFO:colcon.colcon_core.shell:Creating prefix util module '/all_sensors_launch/install/_local_setup_util_ps1.py'
[2.698s] INFO:colcon.colcon_core.shell:Creating prefix chain script '/all_sensors_launch/install/setup.ps1'
[2.701s] INFO:colcon.colcon_core.shell:Creating prefix script '/all_sensors_launch/install/local_setup.sh'
[2.703s] INFO:colcon.colcon_core.shell:Creating prefix util module '/all_sensors_launch/install/_local_setup_util_sh.py'
[2.706s] INFO:colcon.colcon_core.shell:Creating prefix chain script '/all_sensors_launch/install/setup.sh'
[2.709s] INFO:colcon.colcon_core.shell:Creating prefix script '/all_sensors_launch/install/local_setup.bash'
[2.710s] INFO:colcon.colcon_core.shell:Creating prefix chain script '/all_sensors_launch/install/setup.bash'
[2.713s] INFO:colcon.colcon_core.shell:Creating prefix script '/all_sensors_launch/install/local_setup.zsh'
[2.715s] INFO:colcon.colcon_core.shell:Creating prefix chain script '/all_sensors_launch/install/setup.zsh'
