[0.429s] DEBUG:colcon:Command line arguments: ['/usr/bin/colcon', 'build', '--packages-select', 'all_sensors_launch']
[0.429s] DEBUG:colcon:Parsed command line arguments: Namespace(log_base=None, log_level=None, verb_name='build', build_base='build', install_base='install', merge_install=False, symlink_install=False, test_result_base=None, continue_on_error=False, executor='parallel', parallel_workers=4, event_handlers=None, ignore_user_meta=False, metas=['./colcon.meta'], base_paths=['.'], packages_ignore=None, packages_ignore_regex=None, paths=None, packages_up_to=None, packages_up_to_regex=None, packages_above=None, packages_above_and_dependencies=None, packages_above_depth=None, packages_select_by_dep=None, packages_skip_by_dep=None, packages_skip_up_to=None, packages_select_build_failed=False, packages_skip_build_finished=False, packages_select_test_failures=False, packages_skip_test_passed=False, packages_select=['all_sensors_launch'], packages_skip=None, packages_select_regex=None, packages_skip_regex=None, packages_start=None, packages_end=None, cmake_args=None, cmake_target=None, cmake_target_skip_unavailable=False, cmake_clean_cache=False, cmake_clean_first=False, cmake_force_configure=False, ament_cmake_args=None, catkin_cmake_args=None, catkin_skip_building_tests=False, mixin_files=None, mixin=None, verb_parser=<colcon_mixin.mixin.mixin_argument.MixinArgumentDecorator object at 0xffff9db0ac80>, verb_extension=<colcon_core.verb.build.BuildVerb object at 0xffff9db0a200>, main=<bound method BuildVerb.main of <colcon_core.verb.build.BuildVerb object at 0xffff9db0a200>>, mixin_verb=('build',))
[0.945s] Level 1:colcon.colcon_core.package_discovery:discover_packages(colcon_meta) check parameters
[0.949s] INFO:colcon.colcon_metadata.package_discovery.colcon_meta:Using configuration from '/root/.colcon/metadata/default/Gazebo.meta'
[0.951s] INFO:colcon.colcon_metadata.package_discovery.colcon_meta:Using configuration from '/root/.colcon/metadata/default/fastrtps.meta'
[0.951s] Level 1:colcon.colcon_core.package_discovery:discover_packages(recursive) check parameters
[0.951s] Level 1:colcon.colcon_core.package_discovery:discover_packages(ignore) check parameters
[0.951s] Level 1:colcon.colcon_core.package_discovery:discover_packages(path) check parameters
[0.951s] Level 1:colcon.colcon_core.package_discovery:discover_packages(colcon_meta) discover
[0.952s] Level 1:colcon.colcon_core.package_discovery:discover_packages(recursive) discover
[0.952s] INFO:colcon.colcon_core.package_discovery:Crawling recursively for packages in '/all_sensors_launch'
[0.952s] Level 1:colcon.colcon_core.package_identification:_identify(.) by extensions ['ignore', 'ignore_ament_install']
[0.953s] Level 1:colcon.colcon_core.package_identification:_identify(.) by extension 'ignore'
[0.953s] Level 1:colcon.colcon_core.package_identification:_identify(.) by extension 'ignore_ament_install'
[0.953s] Level 1:colcon.colcon_core.package_identification:_identify(.) by extensions ['colcon_pkg']
[0.953s] Level 1:colcon.colcon_core.package_identification:_identify(.) by extension 'colcon_pkg'
[0.953s] Level 1:colcon.colcon_core.package_identification:_identify(.) by extensions ['colcon_meta']
[0.954s] Level 1:colcon.colcon_core.package_identification:_identify(.) by extension 'colcon_meta'
[0.954s] Level 1:colcon.colcon_core.package_identification:_identify(.) by extensions ['ros']
[0.954s] Level 1:colcon.colcon_core.package_identification:_identify(.) by extension 'ros'
[1.006s] DEBUG:colcon.colcon_core.package_identification:Package '.' with type 'ros.ament_cmake' and name 'all_sensors_launch'
[1.006s] Level 1:colcon.colcon_core.package_discovery:discover_packages(recursive) using defaults
[1.006s] Level 1:colcon.colcon_core.package_discovery:discover_packages(ignore) discover
[1.006s] Level 1:colcon.colcon_core.package_discovery:discover_packages(ignore) using defaults
[1.007s] Level 1:colcon.colcon_core.package_discovery:discover_packages(path) discover
[1.007s] Level 1:colcon.colcon_core.package_discovery:discover_packages(path) using defaults
[1.074s] Level 5:colcon.colcon_core.verb:set package 'all_sensors_launch' build argument 'cmake_args' from command line to 'None'
[1.074s] Level 5:colcon.colcon_core.verb:set package 'all_sensors_launch' build argument 'cmake_target' from command line to 'None'
[1.074s] Level 5:colcon.colcon_core.verb:set package 'all_sensors_launch' build argument 'cmake_target_skip_unavailable' from command line to 'False'
[1.074s] Level 5:colcon.colcon_core.verb:set package 'all_sensors_launch' build argument 'cmake_clean_cache' from command line to 'False'
[1.074s] Level 5:colcon.colcon_core.verb:set package 'all_sensors_launch' build argument 'cmake_clean_first' from command line to 'False'
[1.075s] Level 5:colcon.colcon_core.verb:set package 'all_sensors_launch' build argument 'cmake_force_configure' from command line to 'False'
[1.075s] Level 5:colcon.colcon_core.verb:set package 'all_sensors_launch' build argument 'ament_cmake_args' from command line to 'None'
[1.075s] Level 5:colcon.colcon_core.verb:set package 'all_sensors_launch' build argument 'catkin_cmake_args' from command line to 'None'
[1.075s] Level 5:colcon.colcon_core.verb:set package 'all_sensors_launch' build argument 'catkin_skip_building_tests' from command line to 'False'
[1.075s] DEBUG:colcon.colcon_core.verb:Building package 'all_sensors_launch' with the following arguments: {'ament_cmake_args': None, 'build_base': '/all_sensors_launch/build/all_sensors_launch', 'catkin_cmake_args': None, 'catkin_skip_building_tests': False, 'cmake_args': None, 'cmake_clean_cache': False, 'cmake_clean_first': False, 'cmake_force_configure': False, 'cmake_target': None, 'cmake_target_skip_unavailable': False, 'install_base': '/all_sensors_launch/install/all_sensors_launch', 'merge_install': False, 'path': '/all_sensors_launch', 'symlink_install': False, 'test_result_base': None}
[1.075s] INFO:colcon.colcon_core.executor:Executing jobs using 'parallel' executor
[1.083s] DEBUG:colcon.colcon_parallel_executor.executor.parallel:run_until_complete
[1.084s] INFO:colcon.colcon_ros.task.ament_cmake.build:Building ROS package in '/all_sensors_launch' with build type 'ament_cmake'
[1.084s] INFO:colcon.colcon_cmake.task.cmake.build:Building CMake package in '/all_sensors_launch'
[1.094s] INFO:colcon.colcon_core.plugin_system:Skipping extension 'colcon_core.shell.bat': Not used on non-Windows systems
[1.095s] INFO:colcon.colcon_core.shell:Skip shell extension 'powershell' for command environment: Not usable outside of PowerShell
[1.095s] DEBUG:colcon.colcon_core.shell:Skip shell extension 'dsv' for command environment
[1.166s] DEBUG:colcon.colcon_core.event_handler.log_command:Invoking command in '/all_sensors_launch/build/all_sensors_launch': CMAKE_PREFIX_PATH=/opt/ros/humble /usr/bin/cmake /all_sensors_launch -DCMAKE_INSTALL_PREFIX=/all_sensors_launch/install/all_sensors_launch
[2.492s] DEBUG:colcon.colcon_core.event_handler.log_command:Invoked command in '/all_sensors_launch/build/all_sensors_launch' returned '0': CMAKE_PREFIX_PATH=/opt/ros/humble /usr/bin/cmake /all_sensors_launch -DCMAKE_INSTALL_PREFIX=/all_sensors_launch/install/all_sensors_launch
[2.500s] DEBUG:colcon.colcon_core.event_handler.log_command:Invoking command in '/all_sensors_launch/build/all_sensors_launch': CMAKE_PREFIX_PATH=/opt/ros/humble /usr/bin/cmake --build /all_sensors_launch/build/all_sensors_launch -- -j4 -l4
[2.657s] DEBUG:colcon.colcon_core.event_handler.log_command:Invoked command in '/all_sensors_launch/build/all_sensors_launch' returned '0': CMAKE_PREFIX_PATH=/opt/ros/humble /usr/bin/cmake --build /all_sensors_launch/build/all_sensors_launch -- -j4 -l4
[2.781s] DEBUG:colcon.colcon_core.event_handler.log_command:Invoking command in '/all_sensors_launch/build/all_sensors_launch': CMAKE_PREFIX_PATH=/opt/ros/humble /usr/bin/cmake --install /all_sensors_launch/build/all_sensors_launch
[2.828s] Level 1:colcon.colcon_core.environment:create_environment_scripts_only(all_sensors_launch)
[2.833s] DEBUG:colcon.colcon_core.event_handler.log_command:Invoked command in '/all_sensors_launch/build/all_sensors_launch' returned '0': CMAKE_PREFIX_PATH=/opt/ros/humble /usr/bin/cmake --install /all_sensors_launch/build/all_sensors_launch
[2.844s] Level 1:colcon.colcon_core.environment:checking '/all_sensors_launch/install/all_sensors_launch' for CMake module files
[2.846s] Level 1:colcon.colcon_core.environment:checking '/all_sensors_launch/install/all_sensors_launch' for CMake config files
[2.848s] Level 1:colcon.colcon_core.shell:create_environment_hook('all_sensors_launch', 'cmake_prefix_path')
[2.849s] INFO:colcon.colcon_core.shell:Creating environment hook '/all_sensors_launch/install/all_sensors_launch/share/all_sensors_launch/hook/cmake_prefix_path.ps1'
[2.851s] INFO:colcon.colcon_core.shell:Creating environment descriptor '/all_sensors_launch/install/all_sensors_launch/share/all_sensors_launch/hook/cmake_prefix_path.dsv'
[2.853s] INFO:colcon.colcon_core.shell:Creating environment hook '/all_sensors_launch/install/all_sensors_launch/share/all_sensors_launch/hook/cmake_prefix_path.sh'
[2.856s] Level 1:colcon.colcon_core.environment:checking '/all_sensors_launch/install/all_sensors_launch/bin'
[2.857s] Level 1:colcon.colcon_core.environment:checking '/all_sensors_launch/install/all_sensors_launch/lib/pkgconfig/all_sensors_launch.pc'
[2.864s] Level 1:colcon.colcon_core.environment:checking '/all_sensors_launch/install/all_sensors_launch/lib/python3.10/site-packages'
[2.864s] Level 1:colcon.colcon_core.environment:checking '/all_sensors_launch/install/all_sensors_launch/bin'
[2.866s] INFO:colcon.colcon_core.shell:Creating package script '/all_sensors_launch/install/all_sensors_launch/share/all_sensors_launch/package.ps1'
[2.869s] INFO:colcon.colcon_core.shell:Creating package descriptor '/all_sensors_launch/install/all_sensors_launch/share/all_sensors_launch/package.dsv'
[2.876s] INFO:colcon.colcon_core.shell:Creating package script '/all_sensors_launch/install/all_sensors_launch/share/all_sensors_launch/package.sh'
[2.878s] INFO:colcon.colcon_core.shell:Creating package script '/all_sensors_launch/install/all_sensors_launch/share/all_sensors_launch/package.bash'
[2.882s] INFO:colcon.colcon_core.shell:Creating package script '/all_sensors_launch/install/all_sensors_launch/share/all_sensors_launch/package.zsh'
[2.886s] Level 1:colcon.colcon_core.environment:create_file_with_runtime_dependencies(/all_sensors_launch/install/all_sensors_launch/share/colcon-core/packages/all_sensors_launch)
[2.970s] Level 1:colcon.colcon_core.environment:create_environment_scripts_only(all_sensors_launch)
[2.972s] Level 1:colcon.colcon_core.environment:checking '/all_sensors_launch/install/all_sensors_launch' for CMake module files
[2.975s] Level 1:colcon.colcon_core.environment:checking '/all_sensors_launch/install/all_sensors_launch' for CMake config files
[2.976s] Level 1:colcon.colcon_core.shell:create_environment_hook('all_sensors_launch', 'cmake_prefix_path')
[2.977s] INFO:colcon.colcon_core.shell:Creating environment hook '/all_sensors_launch/install/all_sensors_launch/share/all_sensors_launch/hook/cmake_prefix_path.ps1'
[2.980s] INFO:colcon.colcon_core.shell:Creating environment descriptor '/all_sensors_launch/install/all_sensors_launch/share/all_sensors_launch/hook/cmake_prefix_path.dsv'
[2.984s] INFO:colcon.colcon_core.shell:Creating environment hook '/all_sensors_launch/install/all_sensors_launch/share/all_sensors_launch/hook/cmake_prefix_path.sh'
[2.988s] Level 1:colcon.colcon_core.environment:checking '/all_sensors_launch/install/all_sensors_launch/bin'
[2.988s] Level 1:colcon.colcon_core.environment:checking '/all_sensors_launch/install/all_sensors_launch/lib/pkgconfig/all_sensors_launch.pc'
[2.989s] Level 1:colcon.colcon_core.environment:checking '/all_sensors_launch/install/all_sensors_launch/lib/python3.10/site-packages'
[2.990s] Level 1:colcon.colcon_core.environment:checking '/all_sensors_launch/install/all_sensors_launch/bin'
[2.991s] INFO:colcon.colcon_core.shell:Creating package script '/all_sensors_launch/install/all_sensors_launch/share/all_sensors_launch/package.ps1'
[2.993s] INFO:colcon.colcon_core.shell:Creating package descriptor '/all_sensors_launch/install/all_sensors_launch/share/all_sensors_launch/package.dsv'
[2.996s] INFO:colcon.colcon_core.shell:Creating package script '/all_sensors_launch/install/all_sensors_launch/share/all_sensors_launch/package.sh'
[2.997s] INFO:colcon.colcon_core.shell:Creating package script '/all_sensors_launch/install/all_sensors_launch/share/all_sensors_launch/package.bash'
[2.999s] INFO:colcon.colcon_core.shell:Creating package script '/all_sensors_launch/install/all_sensors_launch/share/all_sensors_launch/package.zsh'
[3.001s] Level 1:colcon.colcon_core.environment:create_file_with_runtime_dependencies(/all_sensors_launch/install/all_sensors_launch/share/colcon-core/packages/all_sensors_launch)
[3.002s] DEBUG:colcon.colcon_parallel_executor.executor.parallel:closing loop
[3.003s] DEBUG:colcon.colcon_parallel_executor.executor.parallel:loop closed
[3.003s] DEBUG:colcon.colcon_parallel_executor.executor.parallel:run_until_complete finished with '0'
[3.004s] DEBUG:colcon.colcon_core.event_reactor:joining thread
[3.027s] INFO:colcon.colcon_core.plugin_system:Skipping extension 'colcon_notification.desktop_notification.notify_send': Could not find 'notify-send'
[3.027s] INFO:colcon.colcon_core.plugin_system:Skipping extension 'colcon_notification.desktop_notification.terminal_notifier': Not used on non-Darwin systems
[3.028s] INFO:colcon.colcon_core.plugin_system:Skipping extension 'colcon_notification.desktop_notification.win32': Not used on non-Windows systems
[3.028s] INFO:colcon.colcon_notification.desktop_notification:Sending desktop notification using 'notify2'
[3.037s] DEBUG:colcon.colcon_notification.desktop_notification.notify2:Failed to initialize notify2: org.freedesktop.DBus.Error.Spawn.ExecFailed: /usr/bin/dbus-launch terminated abnormally without any error message
[3.039s] DEBUG:colcon.colcon_core.event_reactor:joined thread
[3.042s] INFO:colcon.colcon_core.shell:Creating prefix script '/all_sensors_launch/install/local_setup.ps1'
[3.049s] INFO:colcon.colcon_core.shell:Creating prefix util module '/all_sensors_launch/install/_local_setup_util_ps1.py'
[3.062s] INFO:colcon.colcon_core.shell:Creating prefix chain script '/all_sensors_launch/install/setup.ps1'
[3.067s] INFO:colcon.colcon_core.shell:Creating prefix script '/all_sensors_launch/install/local_setup.sh'
[3.069s] INFO:colcon.colcon_core.shell:Creating prefix util module '/all_sensors_launch/install/_local_setup_util_sh.py'
[3.071s] INFO:colcon.colcon_core.shell:Creating prefix chain script '/all_sensors_launch/install/setup.sh'
[3.075s] INFO:colcon.colcon_core.shell:Creating prefix script '/all_sensors_launch/install/local_setup.bash'
[3.076s] INFO:colcon.colcon_core.shell:Creating prefix chain script '/all_sensors_launch/install/setup.bash'
[3.079s] INFO:colcon.colcon_core.shell:Creating prefix script '/all_sensors_launch/install/local_setup.zsh'
[3.081s] INFO:colcon.colcon_core.shell:Creating prefix chain script '/all_sensors_launch/install/setup.zsh'
