[0.474s] DEBUG:colcon:Command line arguments: ['/usr/bin/colcon', 'build', '--packages-select', 'all_sensors_launch']
[0.475s] DEBUG:colcon:Parsed command line arguments: Namespace(log_base=None, log_level=None, verb_name='build', build_base='build', install_base='install', merge_install=False, symlink_install=False, test_result_base=None, continue_on_error=False, executor='parallel', parallel_workers=4, event_handlers=None, ignore_user_meta=False, metas=['./colcon.meta'], base_paths=['.'], packages_ignore=None, packages_ignore_regex=None, paths=None, packages_up_to=None, packages_up_to_regex=None, packages_above=None, packages_above_and_dependencies=None, packages_above_depth=None, packages_select_by_dep=None, packages_skip_by_dep=None, packages_skip_up_to=None, packages_select_build_failed=False, packages_skip_build_finished=False, packages_select_test_failures=False, packages_skip_test_passed=False, packages_select=['all_sensors_launch'], packages_skip=None, packages_select_regex=None, packages_skip_regex=None, packages_start=None, packages_end=None, cmake_args=None, cmake_target=None, cmake_target_skip_unavailable=False, cmake_clean_cache=False, cmake_clean_first=False, cmake_force_configure=False, ament_cmake_args=None, catkin_cmake_args=None, catkin_skip_building_tests=False, mixin_files=None, mixin=None, verb_parser=<colcon_mixin.mixin.mixin_argument.MixinArgumentDecorator object at 0xffff7e4fae90>, verb_extension=<colcon_core.verb.build.BuildVerb object at 0xffff7e4fa410>, main=<bound method BuildVerb.main of <colcon_core.verb.build.BuildVerb object at 0xffff7e4fa410>>, mixin_verb=('build',))
[1.060s] Level 1:colcon.colcon_core.package_discovery:discover_packages(colcon_meta) check parameters
[1.063s] INFO:colcon.colcon_metadata.package_discovery.colcon_meta:Using configuration from '/root/.colcon/metadata/default/Gazebo.meta'
[1.065s] INFO:colcon.colcon_metadata.package_discovery.colcon_meta:Using configuration from '/root/.colcon/metadata/default/fastrtps.meta'
[1.065s] Level 1:colcon.colcon_core.package_discovery:discover_packages(recursive) check parameters
[1.065s] Level 1:colcon.colcon_core.package_discovery:discover_packages(ignore) check parameters
[1.065s] Level 1:colcon.colcon_core.package_discovery:discover_packages(path) check parameters
[1.065s] Level 1:colcon.colcon_core.package_discovery:discover_packages(colcon_meta) discover
[1.066s] Level 1:colcon.colcon_core.package_discovery:discover_packages(recursive) discover
[1.066s] INFO:colcon.colcon_core.package_discovery:Crawling recursively for packages in '/all_sensors_launch'
[1.066s] Level 1:colcon.colcon_core.package_identification:_identify(.) by extensions ['ignore', 'ignore_ament_install']
[1.067s] Level 1:colcon.colcon_core.package_identification:_identify(.) by extension 'ignore'
[1.067s] Level 1:colcon.colcon_core.package_identification:_identify(.) by extension 'ignore_ament_install'
[1.067s] Level 1:colcon.colcon_core.package_identification:_identify(.) by extensions ['colcon_pkg']
[1.067s] Level 1:colcon.colcon_core.package_identification:_identify(.) by extension 'colcon_pkg'
[1.068s] Level 1:colcon.colcon_core.package_identification:_identify(.) by extensions ['colcon_meta']
[1.068s] Level 1:colcon.colcon_core.package_identification:_identify(.) by extension 'colcon_meta'
[1.068s] Level 1:colcon.colcon_core.package_identification:_identify(.) by extensions ['ros']
[1.068s] Level 1:colcon.colcon_core.package_identification:_identify(.) by extension 'ros'
[1.127s] DEBUG:colcon.colcon_core.package_identification:Package '.' with type 'ros.ament_cmake' and name 'all_sensors_launch'
[1.127s] Level 1:colcon.colcon_core.package_discovery:discover_packages(recursive) using defaults
[1.127s] Level 1:colcon.colcon_core.package_discovery:discover_packages(ignore) discover
[1.127s] Level 1:colcon.colcon_core.package_discovery:discover_packages(ignore) using defaults
[1.127s] Level 1:colcon.colcon_core.package_discovery:discover_packages(path) discover
[1.128s] Level 1:colcon.colcon_core.package_discovery:discover_packages(path) using defaults
[1.201s] Level 5:colcon.colcon_core.verb:set package 'all_sensors_launch' build argument 'cmake_args' from command line to 'None'
[1.201s] Level 5:colcon.colcon_core.verb:set package 'all_sensors_launch' build argument 'cmake_target' from command line to 'None'
[1.202s] Level 5:colcon.colcon_core.verb:set package 'all_sensors_launch' build argument 'cmake_target_skip_unavailable' from command line to 'False'
[1.202s] Level 5:colcon.colcon_core.verb:set package 'all_sensors_launch' build argument 'cmake_clean_cache' from command line to 'False'
[1.202s] Level 5:colcon.colcon_core.verb:set package 'all_sensors_launch' build argument 'cmake_clean_first' from command line to 'False'
[1.202s] Level 5:colcon.colcon_core.verb:set package 'all_sensors_launch' build argument 'cmake_force_configure' from command line to 'False'
[1.202s] Level 5:colcon.colcon_core.verb:set package 'all_sensors_launch' build argument 'ament_cmake_args' from command line to 'None'
[1.202s] Level 5:colcon.colcon_core.verb:set package 'all_sensors_launch' build argument 'catkin_cmake_args' from command line to 'None'
[1.202s] Level 5:colcon.colcon_core.verb:set package 'all_sensors_launch' build argument 'catkin_skip_building_tests' from command line to 'False'
[1.202s] DEBUG:colcon.colcon_core.verb:Building package 'all_sensors_launch' with the following arguments: {'ament_cmake_args': None, 'build_base': '/all_sensors_launch/build/all_sensors_launch', 'catkin_cmake_args': None, 'catkin_skip_building_tests': False, 'cmake_args': None, 'cmake_clean_cache': False, 'cmake_clean_first': False, 'cmake_force_configure': False, 'cmake_target': None, 'cmake_target_skip_unavailable': False, 'install_base': '/all_sensors_launch/install/all_sensors_launch', 'merge_install': False, 'path': '/all_sensors_launch', 'symlink_install': False, 'test_result_base': None}
[1.203s] INFO:colcon.colcon_core.executor:Executing jobs using 'parallel' executor
[1.211s] DEBUG:colcon.colcon_parallel_executor.executor.parallel:run_until_complete
[1.212s] INFO:colcon.colcon_ros.task.ament_cmake.build:Building ROS package in '/all_sensors_launch' with build type 'ament_cmake'
[1.213s] INFO:colcon.colcon_cmake.task.cmake.build:Building CMake package in '/all_sensors_launch'
[1.222s] INFO:colcon.colcon_core.plugin_system:Skipping extension 'colcon_core.shell.bat': Not used on non-Windows systems
[1.223s] INFO:colcon.colcon_core.shell:Skip shell extension 'powershell' for command environment: Not usable outside of PowerShell
[1.223s] DEBUG:colcon.colcon_core.shell:Skip shell extension 'dsv' for command environment
[1.314s] DEBUG:colcon.colcon_core.event_handler.log_command:Invoking command in '/all_sensors_launch/build/all_sensors_launch': CMAKE_PREFIX_PATH=${CMAKE_PREFIX_PATH}:/opt/ros/humble /usr/bin/cmake --build /all_sensors_launch/build/all_sensors_launch -- -j4 -l4
[1.474s] DEBUG:colcon.colcon_core.event_handler.log_command:Invoked command in '/all_sensors_launch/build/all_sensors_launch' returned '0': CMAKE_PREFIX_PATH=${CMAKE_PREFIX_PATH}:/opt/ros/humble /usr/bin/cmake --build /all_sensors_launch/build/all_sensors_launch -- -j4 -l4
[1.601s] DEBUG:colcon.colcon_core.event_handler.log_command:Invoking command in '/all_sensors_launch/build/all_sensors_launch': CMAKE_PREFIX_PATH=${CMAKE_PREFIX_PATH}:/opt/ros/humble /usr/bin/cmake --install /all_sensors_launch/build/all_sensors_launch
[1.643s] Level 1:colcon.colcon_core.environment:create_environment_scripts_only(all_sensors_launch)
[1.645s] DEBUG:colcon.colcon_core.event_handler.log_command:Invoked command in '/all_sensors_launch/build/all_sensors_launch' returned '0': CMAKE_PREFIX_PATH=${CMAKE_PREFIX_PATH}:/opt/ros/humble /usr/bin/cmake --install /all_sensors_launch/build/all_sensors_launch
[1.658s] Level 1:colcon.colcon_core.environment:checking '/all_sensors_launch/install/all_sensors_launch' for CMake module files
[1.662s] Level 1:colcon.colcon_core.environment:checking '/all_sensors_launch/install/all_sensors_launch' for CMake config files
[1.663s] Level 1:colcon.colcon_core.shell:create_environment_hook('all_sensors_launch', 'cmake_prefix_path')
[1.664s] INFO:colcon.colcon_core.shell:Creating environment hook '/all_sensors_launch/install/all_sensors_launch/share/all_sensors_launch/hook/cmake_prefix_path.ps1'
[1.667s] INFO:colcon.colcon_core.shell:Creating environment descriptor '/all_sensors_launch/install/all_sensors_launch/share/all_sensors_launch/hook/cmake_prefix_path.dsv'
[1.669s] INFO:colcon.colcon_core.shell:Creating environment hook '/all_sensors_launch/install/all_sensors_launch/share/all_sensors_launch/hook/cmake_prefix_path.sh'
[1.673s] Level 1:colcon.colcon_core.environment:checking '/all_sensors_launch/install/all_sensors_launch/bin'
[1.673s] Level 1:colcon.colcon_core.environment:checking '/all_sensors_launch/install/all_sensors_launch/lib/pkgconfig/all_sensors_launch.pc'
[1.680s] Level 1:colcon.colcon_core.environment:checking '/all_sensors_launch/install/all_sensors_launch/lib/python3.10/site-packages'
[1.681s] Level 1:colcon.colcon_core.environment:checking '/all_sensors_launch/install/all_sensors_launch/bin'
[1.682s] INFO:colcon.colcon_core.shell:Creating package script '/all_sensors_launch/install/all_sensors_launch/share/all_sensors_launch/package.ps1'
[1.685s] INFO:colcon.colcon_core.shell:Creating package descriptor '/all_sensors_launch/install/all_sensors_launch/share/all_sensors_launch/package.dsv'
[1.690s] INFO:colcon.colcon_core.shell:Creating package script '/all_sensors_launch/install/all_sensors_launch/share/all_sensors_launch/package.sh'
[1.694s] INFO:colcon.colcon_core.shell:Creating package script '/all_sensors_launch/install/all_sensors_launch/share/all_sensors_launch/package.bash'
[1.698s] INFO:colcon.colcon_core.shell:Creating package script '/all_sensors_launch/install/all_sensors_launch/share/all_sensors_launch/package.zsh'
[1.701s] Level 1:colcon.colcon_core.environment:create_file_with_runtime_dependencies(/all_sensors_launch/install/all_sensors_launch/share/colcon-core/packages/all_sensors_launch)
[1.792s] Level 1:colcon.colcon_core.environment:create_environment_scripts_only(all_sensors_launch)
[1.793s] Level 1:colcon.colcon_core.environment:checking '/all_sensors_launch/install/all_sensors_launch' for CMake module files
[1.796s] Level 1:colcon.colcon_core.environment:checking '/all_sensors_launch/install/all_sensors_launch' for CMake config files
[1.797s] Level 1:colcon.colcon_core.shell:create_environment_hook('all_sensors_launch', 'cmake_prefix_path')
[1.798s] INFO:colcon.colcon_core.shell:Creating environment hook '/all_sensors_launch/install/all_sensors_launch/share/all_sensors_launch/hook/cmake_prefix_path.ps1'
[1.800s] INFO:colcon.colcon_core.shell:Creating environment descriptor '/all_sensors_launch/install/all_sensors_launch/share/all_sensors_launch/hook/cmake_prefix_path.dsv'
[1.802s] INFO:colcon.colcon_core.shell:Creating environment hook '/all_sensors_launch/install/all_sensors_launch/share/all_sensors_launch/hook/cmake_prefix_path.sh'
[1.807s] Level 1:colcon.colcon_core.environment:checking '/all_sensors_launch/install/all_sensors_launch/bin'
[1.807s] Level 1:colcon.colcon_core.environment:checking '/all_sensors_launch/install/all_sensors_launch/lib/pkgconfig/all_sensors_launch.pc'
[1.809s] Level 1:colcon.colcon_core.environment:checking '/all_sensors_launch/install/all_sensors_launch/lib/python3.10/site-packages'
[1.810s] Level 1:colcon.colcon_core.environment:checking '/all_sensors_launch/install/all_sensors_launch/bin'
[1.811s] INFO:colcon.colcon_core.shell:Creating package script '/all_sensors_launch/install/all_sensors_launch/share/all_sensors_launch/package.ps1'
[1.814s] INFO:colcon.colcon_core.shell:Creating package descriptor '/all_sensors_launch/install/all_sensors_launch/share/all_sensors_launch/package.dsv'
[1.816s] INFO:colcon.colcon_core.shell:Creating package script '/all_sensors_launch/install/all_sensors_launch/share/all_sensors_launch/package.sh'
[1.818s] INFO:colcon.colcon_core.shell:Creating package script '/all_sensors_launch/install/all_sensors_launch/share/all_sensors_launch/package.bash'
[1.821s] INFO:colcon.colcon_core.shell:Creating package script '/all_sensors_launch/install/all_sensors_launch/share/all_sensors_launch/package.zsh'
[1.824s] Level 1:colcon.colcon_core.environment:create_file_with_runtime_dependencies(/all_sensors_launch/install/all_sensors_launch/share/colcon-core/packages/all_sensors_launch)
[1.825s] DEBUG:colcon.colcon_parallel_executor.executor.parallel:closing loop
[1.826s] DEBUG:colcon.colcon_parallel_executor.executor.parallel:loop closed
[1.828s] DEBUG:colcon.colcon_parallel_executor.executor.parallel:run_until_complete finished with '0'
[1.828s] DEBUG:colcon.colcon_core.event_reactor:joining thread
[1.849s] INFO:colcon.colcon_core.plugin_system:Skipping extension 'colcon_notification.desktop_notification.notify_send': Could not find 'notify-send'
[1.850s] INFO:colcon.colcon_core.plugin_system:Skipping extension 'colcon_notification.desktop_notification.terminal_notifier': Not used on non-Darwin systems
[1.850s] INFO:colcon.colcon_core.plugin_system:Skipping extension 'colcon_notification.desktop_notification.win32': Not used on non-Windows systems
[1.850s] INFO:colcon.colcon_notification.desktop_notification:Sending desktop notification using 'notify2'
[1.860s] DEBUG:colcon.colcon_notification.desktop_notification.notify2:Failed to initialize notify2: org.freedesktop.DBus.Error.Spawn.ExecFailed: /usr/bin/dbus-launch terminated abnormally without any error message
[1.862s] DEBUG:colcon.colcon_core.event_reactor:joined thread
[1.866s] INFO:colcon.colcon_core.shell:Creating prefix script '/all_sensors_launch/install/local_setup.ps1'
[1.872s] INFO:colcon.colcon_core.shell:Creating prefix util module '/all_sensors_launch/install/_local_setup_util_ps1.py'
[1.885s] INFO:colcon.colcon_core.shell:Creating prefix chain script '/all_sensors_launch/install/setup.ps1'
[1.891s] INFO:colcon.colcon_core.shell:Creating prefix script '/all_sensors_launch/install/local_setup.sh'
[1.893s] INFO:colcon.colcon_core.shell:Creating prefix util module '/all_sensors_launch/install/_local_setup_util_sh.py'
[1.896s] INFO:colcon.colcon_core.shell:Creating prefix chain script '/all_sensors_launch/install/setup.sh'
[1.900s] INFO:colcon.colcon_core.shell:Creating prefix script '/all_sensors_launch/install/local_setup.bash'
[1.902s] INFO:colcon.colcon_core.shell:Creating prefix chain script '/all_sensors_launch/install/setup.bash'
[1.906s] INFO:colcon.colcon_core.shell:Creating prefix script '/all_sensors_launch/install/local_setup.zsh'
[1.908s] INFO:colcon.colcon_core.shell:Creating prefix chain script '/all_sensors_launch/install/setup.zsh'
