[0.082s] Invoking command in '/all_sensors_launch/build/all_sensors_launch': CMAKE_PREFIX_PATH=${CMAKE_PREFIX_PATH}:/opt/ros/humble /usr/bin/cmake --build /all_sensors_launch/build/all_sensors_launch -- -j4 -l4
[0.180s] -- Found ament_cmake: 1.3.10 (/opt/ros/humble/share/ament_cmake/cmake)
[0.661s] -- Found ament_lint_auto: 0.12.11 (/opt/ros/humble/share/ament_lint_auto/cmake)
[0.984s] -- Added test 'cppcheck' to perform static code analysis on C / C++ code
[0.984s] -- Configured cppcheck include dirs: 
[0.985s] -- Configured cppcheck exclude dirs and/or files: 
[0.994s] -- Added test 'flake8' to check Python code syntax and style conventions
[1.011s] -- Added test 'lint_cmake' to check CMake code style
[1.020s] -- Added test 'pep257' to check Python code against some of the docstring style conventions in PEP 257
[1.082s] -- Added test 'uncrustify' to check C / C++ code style
[1.082s] -- Configured uncrustify additional arguments: 
[1.091s] -- Added test 'xmllint' to check XML markup files
[1.095s] -- Configuring done
[1.119s] -- Generating done
[1.124s] -- Build files have been written to: /all_sensors_launch/build/all_sensors_launch
[1.209s] Invoked command in '/all_sensors_launch/build/all_sensors_launch' returned '0': CMAKE_PREFIX_PATH=${CMAKE_PREFIX_PATH}:/opt/ros/humble /usr/bin/cmake --build /all_sensors_launch/build/all_sensors_launch -- -j4 -l4
[1.330s] Invoking command in '/all_sensors_launch/build/all_sensors_launch': CMAKE_PREFIX_PATH=${CMAKE_PREFIX_PATH}:/opt/ros/humble /usr/bin/cmake --install /all_sensors_launch/build/all_sensors_launch
[1.358s] -- Install configuration: ""
[1.359s] -- Installing: /all_sensors_launch/install/all_sensors_launch/share/all_sensors_launch/launch
[1.359s] -- Installing: /all_sensors_launch/install/all_sensors_launch/share/all_sensors_launch/launch/all_sensors_launch.py
[1.359s] -- Up-to-date: /all_sensors_launch/install/all_sensors_launch/share/ament_index/resource_index/package_run_dependencies/all_sensors_launch
[1.360s] -- Installing: /all_sensors_launch/install/all_sensors_launch/share/ament_index/resource_index/parent_prefix_path/all_sensors_launch
[1.361s] -- Up-to-date: /all_sensors_launch/install/all_sensors_launch/share/all_sensors_launch/environment/ament_prefix_path.sh
[1.362s] -- Installing: /all_sensors_launch/install/all_sensors_launch/share/all_sensors_launch/environment/ament_prefix_path.dsv
[1.363s] -- Up-to-date: /all_sensors_launch/install/all_sensors_launch/share/all_sensors_launch/environment/path.sh
[1.363s] -- Installing: /all_sensors_launch/install/all_sensors_launch/share/all_sensors_launch/environment/path.dsv
[1.364s] -- Up-to-date: /all_sensors_launch/install/all_sensors_launch/share/all_sensors_launch/local_setup.bash
[1.364s] -- Up-to-date: /all_sensors_launch/install/all_sensors_launch/share/all_sensors_launch/local_setup.sh
[1.365s] -- Up-to-date: /all_sensors_launch/install/all_sensors_launch/share/all_sensors_launch/local_setup.zsh
[1.365s] -- Installing: /all_sensors_launch/install/all_sensors_launch/share/all_sensors_launch/local_setup.dsv
[1.366s] -- Installing: /all_sensors_launch/install/all_sensors_launch/share/all_sensors_launch/package.dsv
[1.366s] -- Up-to-date: /all_sensors_launch/install/all_sensors_launch/share/ament_index/resource_index/packages/all_sensors_launch
[1.367s] -- Up-to-date: /all_sensors_launch/install/all_sensors_launch/share/all_sensors_launch/cmake/all_sensors_launchConfig.cmake
[1.367s] -- Up-to-date: /all_sensors_launch/install/all_sensors_launch/share/all_sensors_launch/cmake/all_sensors_launchConfig-version.cmake
[1.368s] -- Up-to-date: /all_sensors_launch/install/all_sensors_launch/share/all_sensors_launch/package.xml
[1.378s] Invoked command in '/all_sensors_launch/build/all_sensors_launch' returned '0': CMAKE_PREFIX_PATH=${CMAKE_PREFIX_PATH}:/opt/ros/humble /usr/bin/cmake --install /all_sensors_launch/build/all_sensors_launch
