-- Found ament_cmake: 1.3.10 (/opt/ros/humble/share/ament_cmake/cmake)
-- Found Python3: /usr/bin/python3 (found version "3.10.12") found components: Interpreter 
-- Found ament_lint_auto: 0.12.11 (/opt/ros/humble/share/ament_lint_auto/cmake)
-- Added test 'cppcheck' to perform static code analysis on C / C++ code
-- Configured cppcheck include dirs: 
-- Configured cppcheck exclude dirs and/or files: 
-- Added test 'flake8' to check Python code syntax and style conventions
-- Added test 'lint_cmake' to check CMake code style
-- Added test 'pep257' to check Python code against some of the docstring style conventions in PEP 257
-- Added test 'uncrustify' to check C / C++ code style
-- Configured uncrustify additional arguments: 
-- Added test 'xmllint' to check XML markup files
-- Configuring done
-- Generating done
-- Build files have been written to: /all_sensors_launch/build/all_sensors_launch
-- Install configuration: ""
-- Installing: /all_sensors_launch/install/all_sensors_launch/share/ament_index/resource_index/package_run_dependencies/all_sensors_launch
-- Installing: /all_sensors_launch/install/all_sensors_launch/share/ament_index/resource_index/parent_prefix_path/all_sensors_launch
-- Installing: /all_sensors_launch/install/all_sensors_launch/share/all_sensors_launch/environment/ament_prefix_path.sh
-- Installing: /all_sensors_launch/install/all_sensors_launch/share/all_sensors_launch/environment/ament_prefix_path.dsv
-- Installing: /all_sensors_launch/install/all_sensors_launch/share/all_sensors_launch/environment/path.sh
-- Installing: /all_sensors_launch/install/all_sensors_launch/share/all_sensors_launch/environment/path.dsv
-- Installing: /all_sensors_launch/install/all_sensors_launch/share/all_sensors_launch/local_setup.bash
-- Installing: /all_sensors_launch/install/all_sensors_launch/share/all_sensors_launch/local_setup.sh
-- Installing: /all_sensors_launch/install/all_sensors_launch/share/all_sensors_launch/local_setup.zsh
-- Installing: /all_sensors_launch/install/all_sensors_launch/share/all_sensors_launch/local_setup.dsv
-- Installing: /all_sensors_launch/install/all_sensors_launch/share/all_sensors_launch/package.dsv
-- Installing: /all_sensors_launch/install/all_sensors_launch/share/ament_index/resource_index/packages/all_sensors_launch
-- Installing: /all_sensors_launch/install/all_sensors_launch/share/all_sensors_launch/cmake/all_sensors_launchConfig.cmake
-- Installing: /all_sensors_launch/install/all_sensors_launch/share/all_sensors_launch/cmake/all_sensors_launchConfig-version.cmake
-- Installing: /all_sensors_launch/install/all_sensors_launch/share/all_sensors_launch/package.xml
