[0.081s] Invoking command in '/all_sensors_launch/build/all_sensors_launch': CMAKE_PREFIX_PATH=/opt/ros/humble /usr/bin/cmake /all_sensors_launch -DCMAKE_INSTALL_PREFIX=/all_sensors_launch/install/all_sensors_launch
[0.139s] -- Found ament_cmake: 1.3.10 (/opt/ros/humble/share/ament_cmake/cmake)
[0.626s] -- Found Python3: /usr/bin/python3 (found version "3.10.12") found components: Interpreter 
[0.967s] -- Found ament_lint_auto: 0.12.11 (/opt/ros/humble/share/ament_lint_auto/cmake)
[1.286s] -- Added test 'cppcheck' to perform static code analysis on C / C++ code
[1.287s] -- Configured cppcheck include dirs: 
[1.288s] -- Configured cppcheck exclude dirs and/or files: 
[1.293s] -- Added test 'flake8' to check Python code syntax and style conventions
[1.304s] -- Added test 'lint_cmake' to check CMake code style
[1.311s] -- Added test 'pep257' to check Python code against some of the docstring style conventions in PEP 257
[1.352s] -- Added test 'uncrustify' to check C / C++ code style
[1.352s] -- Configured uncrustify additional arguments: 
[1.359s] -- Added test 'xmllint' to check XML markup files
[1.366s] -- Configuring done
[1.389s] -- Generating done
[1.394s] -- Build files have been written to: /all_sensors_launch/build/all_sensors_launch
[1.407s] Invoked command in '/all_sensors_launch/build/all_sensors_launch' returned '0': CMAKE_PREFIX_PATH=/opt/ros/humble /usr/bin/cmake /all_sensors_launch -DCMAKE_INSTALL_PREFIX=/all_sensors_launch/install/all_sensors_launch
[1.415s] Invoking command in '/all_sensors_launch/build/all_sensors_launch': CMAKE_PREFIX_PATH=/opt/ros/humble /usr/bin/cmake --build /all_sensors_launch/build/all_sensors_launch -- -j4 -l4
[1.572s] Invoked command in '/all_sensors_launch/build/all_sensors_launch' returned '0': CMAKE_PREFIX_PATH=/opt/ros/humble /usr/bin/cmake --build /all_sensors_launch/build/all_sensors_launch -- -j4 -l4
[1.695s] Invoking command in '/all_sensors_launch/build/all_sensors_launch': CMAKE_PREFIX_PATH=/opt/ros/humble /usr/bin/cmake --install /all_sensors_launch/build/all_sensors_launch
[1.721s] -- Install configuration: ""
[1.722s] -- Installing: /all_sensors_launch/install/all_sensors_launch/share/ament_index/resource_index/package_run_dependencies/all_sensors_launch
[1.723s] -- Installing: /all_sensors_launch/install/all_sensors_launch/share/ament_index/resource_index/parent_prefix_path/all_sensors_launch
[1.725s] -- Installing: /all_sensors_launch/install/all_sensors_launch/share/all_sensors_launch/environment/ament_prefix_path.sh
[1.725s] -- Installing: /all_sensors_launch/install/all_sensors_launch/share/all_sensors_launch/environment/ament_prefix_path.dsv
[1.726s] -- Installing: /all_sensors_launch/install/all_sensors_launch/share/all_sensors_launch/environment/path.sh
[1.727s] -- Installing: /all_sensors_launch/install/all_sensors_launch/share/all_sensors_launch/environment/path.dsv
[1.728s] -- Installing: /all_sensors_launch/install/all_sensors_launch/share/all_sensors_launch/local_setup.bash
[1.729s] -- Installing: /all_sensors_launch/install/all_sensors_launch/share/all_sensors_launch/local_setup.sh
[1.730s] -- Installing: /all_sensors_launch/install/all_sensors_launch/share/all_sensors_launch/local_setup.zsh
[1.731s] -- Installing: /all_sensors_launch/install/all_sensors_launch/share/all_sensors_launch/local_setup.dsv
[1.733s] -- Installing: /all_sensors_launch/install/all_sensors_launch/share/all_sensors_launch/package.dsv
[1.733s] -- Installing: /all_sensors_launch/install/all_sensors_launch/share/ament_index/resource_index/packages/all_sensors_launch
[1.734s] -- Installing: /all_sensors_launch/install/all_sensors_launch/share/all_sensors_launch/cmake/all_sensors_launchConfig.cmake
[1.735s] -- Installing: /all_sensors_launch/install/all_sensors_launch/share/all_sensors_launch/cmake/all_sensors_launchConfig-version.cmake
[1.735s] -- Installing: /all_sensors_launch/install/all_sensors_launch/share/all_sensors_launch/package.xml
[1.746s] Invoked command in '/all_sensors_launch/build/all_sensors_launch' returned '0': CMAKE_PREFIX_PATH=/opt/ros/humble /usr/bin/cmake --install /all_sensors_launch/build/all_sensors_launch
