[0.096s] Invoking command in '/all_sensors_launch/build/all_sensors_launch': CMAKE_PREFIX_PATH=${CMAKE_PREFIX_PATH}:/opt/ros/humble /usr/bin/cmake --build /all_sensors_launch/build/all_sensors_launch -- -j4 -l4
[0.260s] Invoked command in '/all_sensors_launch/build/all_sensors_launch' returned '0': CMAKE_PREFIX_PATH=${CMAKE_PREFIX_PATH}:/opt/ros/humble /usr/bin/cmake --build /all_sensors_launch/build/all_sensors_launch -- -j4 -l4
[0.387s] Invoking command in '/all_sensors_launch/build/all_sensors_launch': CMAKE_PREFIX_PATH=${CMAKE_PREFIX_PATH}:/opt/ros/humble /usr/bin/cmake --install /all_sensors_launch/build/all_sensors_launch
[0.414s] -- Install configuration: ""
[0.415s] -- Up-to-date: /all_sensors_launch/install/all_sensors_launch/share/all_sensors_launch/launch
[0.415s] -- Installing: /all_sensors_launch/install/all_sensors_launch/share/all_sensors_launch/launch/all_sensors_launch.py
[0.416s] -- Up-to-date: /all_sensors_launch/install/all_sensors_launch/share/ament_index/resource_index/package_run_dependencies/all_sensors_launch
[0.416s] -- Up-to-date: /all_sensors_launch/install/all_sensors_launch/share/ament_index/resource_index/parent_prefix_path/all_sensors_launch
[0.417s] -- Up-to-date: /all_sensors_launch/install/all_sensors_launch/share/all_sensors_launch/environment/ament_prefix_path.sh
[0.417s] -- Up-to-date: /all_sensors_launch/install/all_sensors_launch/share/all_sensors_launch/environment/ament_prefix_path.dsv
[0.418s] -- Up-to-date: /all_sensors_launch/install/all_sensors_launch/share/all_sensors_launch/environment/path.sh
[0.419s] -- Up-to-date: /all_sensors_launch/install/all_sensors_launch/share/all_sensors_launch/environment/path.dsv
[0.419s] -- Up-to-date: /all_sensors_launch/install/all_sensors_launch/share/all_sensors_launch/local_setup.bash
[0.420s] -- Up-to-date: /all_sensors_launch/install/all_sensors_launch/share/all_sensors_launch/local_setup.sh
[0.420s] -- Up-to-date: /all_sensors_launch/install/all_sensors_launch/share/all_sensors_launch/local_setup.zsh
[0.420s] -- Up-to-date: /all_sensors_launch/install/all_sensors_launch/share/all_sensors_launch/local_setup.dsv
[0.420s] -- Up-to-date: /all_sensors_launch/install/all_sensors_launch/share/all_sensors_launch/package.dsv
[0.421s] -- Up-to-date: /all_sensors_launch/install/all_sensors_launch/share/ament_index/resource_index/packages/all_sensors_launch
[0.421s] -- Up-to-date: /all_sensors_launch/install/all_sensors_launch/share/all_sensors_launch/cmake/all_sensors_launchConfig.cmake
[0.421s] -- Up-to-date: /all_sensors_launch/install/all_sensors_launch/share/all_sensors_launch/cmake/all_sensors_launchConfig-version.cmake
[0.422s] -- Up-to-date: /all_sensors_launch/install/all_sensors_launch/share/all_sensors_launch/package.xml
[0.431s] Invoked command in '/all_sensors_launch/build/all_sensors_launch' returned '0': CMAKE_PREFIX_PATH=${CMAKE_PREFIX_PATH}:/opt/ros/humble /usr/bin/cmake --install /all_sensors_launch/build/all_sensors_launch
